<?xml version="1.0" encoding="UTF-8"?>
<testsuite xmlns:xsi="http://www.w3.org/2001/XMLSchema-instance" xsi:noNamespaceSchemaLocation="https://maven.apache.org/surefire/maven-surefire-plugin/xsd/surefire-test-report-3.0.xsd" version="3.0" name="com.fashionapp.fashionService.FashionServiceApplicationTests" time="4.925" tests="1" errors="0" skipped="0" failures="0">
  <properties>
[...]
</properties>
  <testcase name="contextLoads" classname="com.fashionapp.fashionService.FashionServiceApplicationTests" time="0.345">
    <system-out><![CDATA[15:01:31.188 [main] INFO org.springframework.test.context.support.AnnotationConfigContextLoaderUtils -- Could not detect default configuration classes for test class [com.fashionapp.fashionService.FashionServiceApplicationTests]: FashionServiceApplicationTests does not declare any static, non-private, non-final, nested classes annotated with @Configuration.
15:01:31.286 [main] INFO org.springframework.boot.test.context.SpringBootTestContextBootstrapper -- Found @SpringBootConfiguration com.fashionapp.fashionService.FashionServiceApplication for test class com.fashionapp.fashionService.FashionServiceApplicationTests

  .   ____          _            __ _ _
 /\\ / ___'_ __ _ _(_)_ __  __ _ \ \ \ \
( ( )\___ | '_ | '_| | '_ \/ _` | \ \ \ \
 \\/  ___)| |_)| | | | | || (_| |  ) ) ) )
  '  |____| .__|_| |_|_| |_\__, | / / / /
 =========|_|==============|___/=/_/_/_/

 :: Spring Boot ::                (v3.3.1)

2024-07-23T15:01:31.661+05:30  INFO 22144 --- [fashionService] [           main] c.f.f.FashionServiceApplicationTests     : Starting FashionServiceApplicationTests using Java 19 with PID 22144 (started by user in E:\PERSONAL PROJECTS\FashionDrapesApp\fashionService)
2024-07-23T15:01:31.663+05:30  INFO 22144 --- [fashionService] [           main] c.f.f.FashionServiceApplicationTests     : No active profile set, falling back to 1 default profile: "default"
2024-07-23T15:01:32.291+05:30  INFO 22144 --- [fashionService] [           main] .s.d.r.c.RepositoryConfigurationDelegate : Bootstrapping Spring Data JPA repositories in DEFAULT mode.
2024-07-23T15:01:32.347+05:30  INFO 22144 --- [fashionService] [           main] .s.d.r.c.RepositoryConfigurationDelegate : Finished Spring Data repository scanning in 47 ms. Found 1 JPA repository interface.
2024-07-23T15:01:32.784+05:30  INFO 22144 --- [fashionService] [           main] o.hibernate.jpa.internal.util.LogHelper  : HHH000204: Processing PersistenceUnitInfo [name: default]
2024-07-23T15:01:32.852+05:30  INFO 22144 --- [fashionService] [           main] org.hibernate.Version                    : HHH000412: Hibernate ORM core version 6.5.2.Final
2024-07-23T15:01:32.898+05:30  INFO 22144 --- [fashionService] [           main] o.h.c.internal.RegionFactoryInitiator    : HHH000026: Second-level cache disabled
2024-07-23T15:01:33.329+05:30  INFO 22144 --- [fashionService] [           main] o.s.o.j.p.SpringPersistenceUnitInfo      : No LoadTimeWeaver setup: ignoring JPA class transformer
2024-07-23T15:01:33.354+05:30  INFO 22144 --- [fashionService] [           main] com.zaxxer.hikari.HikariDataSource       : HikariPool-1 - Starting...
2024-07-23T15:01:33.625+05:30  INFO 22144 --- [fashionService] [           main] com.zaxxer.hikari.pool.HikariPool        : HikariPool-1 - Added connection com.mysql.cj.jdbc.ConnectionImpl@68f776ee
2024-07-23T15:01:33.628+05:30  INFO 22144 --- [fashionService] [           main] com.zaxxer.hikari.HikariDataSource       : HikariPool-1 - Start completed.
2024-07-23T15:01:34.413+05:30  INFO 22144 --- [fashionService] [           main] o.h.e.t.j.p.i.JtaPlatformInitiator       : HHH000489: No JTA platform available (set 'hibernate.transaction.jta.platform' to enable JTA platform integration)
2024-07-23T15:01:34.502+05:30  INFO 22144 --- [fashionService] [           main] j.LocalContainerEntityManagerFactoryBean : Initialized JPA EntityManagerFactory for persistence unit 'default'
2024-07-23T15:01:35.116+05:30  WARN 22144 --- [fashionService] [           main] JpaBaseConfiguration$JpaWebConfiguration : spring.jpa.open-in-view is enabled by default. Therefore, database queries may be performed during view rendering. Explicitly configure spring.jpa.open-in-view to disable this warning
2024-07-23T15:01:35.593+05:30  INFO 22144 --- [fashionService] [           main] c.f.f.FashionServiceApplicationTests     : Started FashionServiceApplicationTests in 4.181 seconds (process running for 5.055)
]]></system-out>
    <system-err><![CDATA[SLF4J(W): Class path contains multiple SLF4J providers.
SLF4J(W): Found provider [ch.qos.logback.classic.spi.LogbackServiceProvider@1c1bbc4e]
SLF4J(W): Found provider [org.apache.logging.slf4j.SLF4JServiceProvider@55fe41ea]
SLF4J(W): See https://www.slf4j.org/codes.html#multiple_bindings for an explanation.
SLF4J(I): Actual provider is of type [ch.qos.logback.classic.spi.LogbackServiceProvider@1c1bbc4e]
]]></system-err>
  </testcase>
</testsuite>